drews 1.0
11 59
0 0 0
0 0 0
0 0 0
0 0 0
0 0 0
0 0 0
0 0 0
0 0 0
0 0 0
0 0 0
0 0 0
0 0 0
0 0 0
0 0 0
0 0 0
0 0 0
0 0 0
0 0 0
0 0 0
0 0 0
0 0 0
0 0 0
0 0 0
0 0 0
0 0 0
0 0 0
0 0 0
0 0 0
0 0 0
0 0 0
0 0 0
0 0 0
0 0 0
0 0 0
0 0 0
0 0 0
0 0 0
0 0 0
0 0 0
0 0 0
0.766659 0.0562556 -0.223187
1 0.000344796 -0.000132619
-0.000344257 0.999994 0.00379363
0.000133765 -0.00379378 0.999994
-0.000715143 -0.0114122 0.00558677
0.768238 -0.0308761 -0.0345754
0.999901 0.0094829 -0.0104775
-0.0110015 0.987701 -0.155973
0.00886902 0.156073 0.987707
0.0891967 1.00971 -0.0504186
0 0 0
0 0 0
0 0 0
0 0 0
0 0 0
-0.0713059 -2.09791 6.03392
75 92 107
5 2 550 0 1 811 0 8 482 0 5 594 0 9 231 0
0.0276397 -2.06434 6.01342
15 21 27
5 2 1785 0 1 2809 0 5 848 0 8 1282 0 9 768 0
0.4887 0.297871 2.77598
81 87 77
3 8 516 0 3 345 0 9 261 0
0.071442 0.499569 2.86969
111 115 111
3 8 578 0 3 382 0 9 413 0
-0.0169361 0.250043 2.79159
125 139 130
3 8 598 0 2 765 0 9 427 0
-0.0579617 -2.12594 6.00351
62 82 97
3 8 1283 0 2 1290 0 9 766 0
-2.09198 -2.32696 6.07728
3 6 9
3 8 86 0 5 274 0 9 51 0
-2.13787 -2.29981 6.11646
33 46 60
3 8 293 0 5 409 0 9 74 0
-0.0771934 -2.04636 6.03719
13 19 24
3 9 1061 0 2 1908 0 8 1680 0
-1.1627 -0.00381464 4.25717
130 39 64
2 9 5 0 8 6 0
0.254717 0.325716 2.62808
43 69 47
2 9 44 0 8 87 0
-3.07285 -2.84705 6.55565
111 130 147
2 9 63 0 8 374 0
-2.13787 -2.29981 6.11646
37 54 68
2 9 75 0 8 294 0
0.0645516 0.465264 2.88228
23 34 22
2 9 93 0 8 264 0
0.530213 0.228377 2.85417
106 108 105
2 9 103 0 8 239 0
-0.266198 -1.29634 5.02618
12 16 20
2 9 113 0 8 470 0
-1.69781 -2.51502 6.09426
68 60 48
2 9 129 0 8 984 0
-0.977718 -2.32058 6.07894
27 38 49
2 9 143 0 8 236 0
0.277487 0.323177 2.6212
38 61 41
2 9 174 0 8 287 0
-0.106455 0.613105 3.10146
7 7 5
2 9 183 0 8 681 0
0.272796 0.30747 2.62315
93 106 94
2 9 197 0 8 326 0
-0.0265669 0.23784 2.79482
60 73 58
2 9 198 0 8 522 0
0.288593 0.373336 2.60473
115 133 124
2 9 216 0 8 216 0
0.20147 0.689547 3.07876
9 10 8
2 9 250 0 8 104 0
0.0251853 0.465074 2.90266
63 96 72
2 9 262 0 8 641 0
-0.116197 0.275169 2.88222
123 133 131
2 9 269 0 8 424 0
-0.93696 -0.0252551 4.31965
88 111 134
2 9 277 0 8 137 0
0.0827105 0.488388 2.87442
23 33 25
3 9 295 0 8 459 0 10 464 0
-1.62602 0.0774512 4.2336
146 83 106
3 9 346 0 8 401 0 10 301 0
0.453892 0.256118 2.77585
16 19 10
3 9 369 0 8 637 0 10 339 0
0.0266998 0.479516 2.89529
38 65 49
2 9 383 0 8 838 0
0.634198 -0.212311 4.11849
1 6 12
2 9 394 0 8 489 0
0.0500002 -1.2541 5.01418
154 184 218
2 9 405 0 8 107 0
0.071442 0.499569 2.86969
99 104 99
2 9 412 0 8 577 0
-0.203539 0.529928 3.0867
96 82 71
2 9 522 0 8 576 0
0.211738 0.243897 2.79713
31 38 30
2 9 544 0 8 743 0
-2.38244 -2.40444 5.96568
69 87 100
2 9 566 0 8 478 0
0.287332 0.336574 2.60706
56 75 59
2 9 581 0 8 656 0
-0.808045 0.0372237 4.22929
172 211 233
2 9 647 0 8 1120 0
-0.928516 -0.107377 4.29061
15 19 25
2 9 664 0 8 1126 0
-2.32188 -2.24778 6.04056
7 10 14
2 9 713 0 8 1152 0
1.86567 -0.630034 3.72646
147 158 163
2 9 734 0 8 1146 0
-0.138689 -2.06056 6.03698
15 21 26
2 9 767 0 8 1281 0
0.526202 -0.102575 4.32187
9 17 28
2 9 825 0 8 1328 0
0.329141 -0.647368 4.42221
72 83 87
2 9 851 0 8 1227 0
-0.671001 0.047663 4.36149
162 202 227
2 9 913 0 8 1537 0
0.012933 -0.713654 4.29739
68 73 75
2 9 924 0 8 1623 0
-0.257495 -0.483163 2.00127
175 208 227
2 9 1013 0 8 1202 0
0.21051 -2.0384 6.01992
10 17 22
2 9 1060 0 8 1681 0
-0.0511763 -1.2432 4.99631
10 18 26
2 9 1077 0 8 1576 0
-0.0294951 -1.28138 4.97
129 146 153
2 9 1080 0 8 1698 0
-0.0915097 -1.25715 5.02501
81 105 126
2 9 1128 0 8 2045 0
0.0514333 -1.28087 4.97969
12 15 18
3 9 1129 0 8 2666 0 10 847 0
-0.0734807 -1.29298 5.00603
16 24 29
2 9 1131 0 8 2066 0
-0.209085 -1.29512 5.03139
18 23 30
2 9 1132 0 8 2068 0
0.0642669 0.465198 2.88333
22 33 21
2 9 1195 0 8 2018 0
-0.0345551 -2.07791 6.03324
60 79 91
2 9 1321 0 8 2539 0
0.0716981 0.499998 2.87098
99 104 99
2 9 1394 0 8 2801 0
0.0868216 0.463225 2.87656
114 136 128
2 9 1400 0 8 2696 0
